Release 14.3 - ngc2edif P.40xd (lin64)
Copyright (c) 1995-2012 Xilinx, Inc.  All rights reserved.
Reading design telescope.ngc ...
WARNING:NetListWriters:298 - No output is written to telescope.xncf, ignored.
Processing design ...
   Preping design's networks ...
   Preping design's macros ...
WARNING:NetListWriters:306 - Signal bus genIoBloc/configReg[15 : 1] on block
   telescope is not reconstructed, because there are some missing bus signals.
WARNING:NetListWriters:306 - Signal bus trigger/trigBitmask[14 : 0] on block
   telescope is not reconstructed, because there are some missing bus signals.
WARNING:NetListWriters:306 - Signal bus trigger/slowCtBusRd[12 : 0] on block
   telescope is not reconstructed, because there are some missing bus signals.
WARNING:NetListWriters:306 - Signal bus adc_monitor/rstPort_n[4 : 1] on block
   telescope is not reconstructed, because there are some missing bus signals.
WARNING:NetListWriters:306 - Signal bus offsetAnalog/i2c_master/i2cByte/Result[2
   : 0] on block telescope is not reconstructed, because there are some missing
   bus signals.
WARNING:NetListWriters:306 - Signal bus
   qh1/blockTrig/baseMean/Mmux_meanPtWr[7]_uMeanDepth[7]_mux_29_OUT_rs_lut[4 :
   0] on block telescope is not reconstructed, because there are some missing
   bus signals.
WARNING:NetListWriters:306 - Signal bus
   qh1/blockTrig/baseMean/Mmux_pretrigPtWr[7]_GND_96_o_mux_27_OUT_rs_cy[5 : 2]
   on block telescope is not reconstructed, because there are some missing bus
   signals.
WARNING:NetListWriters:306 - Signal bus
   qh1/blockTrig/baseMean/Mmux_meanCalculation.sSum[21]_meanCalculation.sSum[21]
   _mux_44_OUT_A_rs_B[18 : 1] on block telescope is not reconstructed, because
   there are some missing bus signals.
WARNING:NetListWriters:306 - Signal bus
   qh1/blockTrig/baseMean/indexLUT[7]_PWR_79_o_wide_mux_3_OUT[3 : 0] on block
   telescope is not reconstructed, because there are some missing bus signals.
WARNING:NetListWriters:306 - Signal bus
   q2/blockTrig/baseMean/Mmux_meanPtWr[7]_uMeanDepth[7]_mux_29_OUT_rs_lut[4 : 0]
   on block telescope is not reconstructed, because there are some missing bus
   signals.
WARNING:NetListWriters:306 - Signal bus
   q2/blockTrig/baseMean/Mmux_pretrigPtWr[7]_GND_96_o_mux_27_OUT_rs_cy[5 : 2] on
   block telescope is not reconstructed, because there are some missing bus
   signals.
WARNING:NetListWriters:306 - Signal bus
   q2/blockTrig/baseMean/Mmux_meanCalculation.sSum[21]_meanCalculation.sSum[21]_
   mux_44_OUT_A_rs_B[18 : 1] on block telescope is not reconstructed, because
   there are some missing bus signals.
WARNING:NetListWriters:306 - Signal bus
   q2/blockTrig/baseMean/indexLUT[7]_PWR_79_o_wide_mux_3_OUT[3 : 0] on block
   telescope is not reconstructed, because there are some missing bus signals.
WARNING:NetListWriters:306 - Signal bus q3/blockNrj/Result[10 : 0] on block
   telescope is not reconstructed, because there are some missing bus signals.
WARNING:NetListWriters:306 - Signal bus q3/blockNrj/formeur/falling/compteur[10
   : 0] on block telescope is not reconstructed, because there are some missing
   bus signals.
WARNING:NetListWriters:306 - Signal bus
   q3/blockTrig/baseMean/Mmux_meanPtWr[7]_uMeanDepth[7]_mux_29_OUT_rs_lut[4 : 0]
   on block telescope is not reconstructed, because there are some missing bus
   signals.
WARNING:NetListWriters:306 - Signal bus
   q3/blockTrig/baseMean/Mmux_pretrigPtWr[7]_GND_96_o_mux_27_OUT_rs_cy[5 : 2] on
   block telescope is not reconstructed, because there are some missing bus
   signals.
WARNING:NetListWriters:306 - Signal bus
   q3/blockTrig/baseMean/Mmux_meanCalculation.sSum[21]_meanCalculation.sSum[21]_
   mux_44_OUT_A_rs_B[18 : 1] on block telescope is not reconstructed, because
   there are some missing bus signals.
WARNING:NetListWriters:306 - Signal bus
   q3/blockTrig/baseMean/indexLUT[7]_PWR_79_o_wide_mux_3_OUT[3 : 0] on block
   telescope is not reconstructed, because there are some missing bus signals.
WARNING:NetListWriters:306 - Signal bus rEngine/bitmaskForAcq[14 : 0] on block
   telescope is not reconstructed, because there are some missing bus signals.
WARNING:NetListWriters:306 - Signal bus
   genIoBloc/configReg[15]_configReg[15]_mux_61_OUT[15 : 1] on block telescope
   is not reconstructed, because there are some missing bus signals.
WARNING:NetListWriters:306 - Signal bus adc_monitor/spi_inst/romData[31 : 0] on
   block telescope is not reconstructed, because there are some missing bus
   signals.
WARNING:NetListWriters:306 - Signal bus trigger/_n0420[14 : 0] on block
   telescope is not reconstructed, because there are some missing bus signals.
WARNING:NetListWriters:306 - Signal bus
   trigger/GND_533_o_GND_533_o_mux_84_OUT[12 : 0] on block telescope is not
   reconstructed, because there are some missing bus signals.
  finished :Prep
Writing EDIF netlist file telescope.edif ...
ngc2edif: Total memory usage is 125708 kilobytes

Release 14.3 - ngc2edif P.40xd (lin64)
Copyright (c) 1995-2012 Xilinx, Inc.  All rights reserved.
Reading design ram_1kx15.ngc ...
WARNING:NetListWriters:298 - No output is written to ram_1kx15.xncf, ignored.
Processing design ...
   Preping design's networks ...
   Preping design's macros ...
  finished :Prep
Writing EDIF netlist file ram_1kx15.edif ...
ngc2edif: Total memory usage is 92216 kilobytes

Release 14.3 - ngc2edif P.40xd (lin64)
Copyright (c) 1995-2012 Xilinx, Inc.  All rights reserved.
Reading design ram_1kx14.ngc ...
WARNING:NetListWriters:298 - No output is written to ram_1kx14.xncf, ignored.
Processing design ...
   Preping design's networks ...
   Preping design's macros ...
  finished :Prep
Writing EDIF netlist file ram_1kx14.edif ...
ngc2edif: Total memory usage is 92212 kilobytes

Release 14.3 - ngc2edif P.40xd (lin64)
Copyright (c) 1995-2012 Xilinx, Inc.  All rights reserved.
Reading design myfifo.ngc ...
WARNING:NetListWriters:298 - No output is written to myfifo.xncf, ignored.
Processing design ...
   Preping design's networks ...
   Preping design's macros ...
  finished :Prep
Writing EDIF netlist file myfifo.edif ...
ngc2edif: Total memory usage is 92384 kilobytes

Release 14.3 - ngc2edif P.40xd (lin64)
Copyright (c) 1995-2012 Xilinx, Inc.  All rights reserved.
Reading design myfifo2.ngc ...
WARNING:NetListWriters:298 - No output is written to myfifo2.xncf, ignored.
Processing design ...
   Preping design's networks ...
   Preping design's macros ...
  finished :Prep
Writing EDIF netlist file myfifo2.edif ...
ngc2edif: Total memory usage is 92304 kilobytes

Release 14.3 - ngc2edif P.40xd (lin64)
Copyright (c) 1995-2012 Xilinx, Inc.  All rights reserved.
Reading design ram_32x16.ngc ...
WARNING:NetListWriters:298 - No output is written to ram_32x16.xncf, ignored.
Processing design ...
   Preping design's networks ...
   Preping design's macros ...
  finished :Prep
Writing EDIF netlist file ram_32x16.edif ...
ngc2edif: Total memory usage is 92076 kilobytes

Release 14.3 - ngc2edif P.40xd (lin64)
Copyright (c) 1995-2012 Xilinx, Inc.  All rights reserved.
Reading design ram_4kx14.ngc ...
WARNING:NetListWriters:298 - No output is written to ram_4kx14.xncf, ignored.
Processing design ...
   Preping design's networks ...
   Preping design's macros ...
  finished :Prep
Writing EDIF netlist file ram_4kx14.edif ...
ngc2edif: Total memory usage is 92368 kilobytes

Release 14.3 - ngc2edif P.40xd (lin64)
Copyright (c) 1995-2012 Xilinx, Inc.  All rights reserved.
Reading design ram_256x16.ngc ...
WARNING:NetListWriters:298 - No output is written to ram_256x16.xncf, ignored.
Processing design ...
   Preping design's networks ...
   Preping design's macros ...
  finished :Prep
Writing EDIF netlist file ram_256x16.edif ...
ngc2edif: Total memory usage is 92416 kilobytes

Release 14.3 - ngc2edif P.40xd (lin64)
Copyright (c) 1995-2012 Xilinx, Inc.  All rights reserved.
Reading design ram_256x14.ngc ...
WARNING:NetListWriters:298 - No output is written to ram_256x14.xncf, ignored.
Processing design ...
   Preping design's networks ...
   Preping design's macros ...
  finished :Prep
Writing EDIF netlist file ram_256x14.edif ...
ngc2edif: Total memory usage is 92276 kilobytes

Release 14.3 - ngc2edif P.40xd (lin64)
Copyright (c) 1995-2012 Xilinx, Inc.  All rights reserved.
Reading design ram_1kx24.ngc ...
WARNING:NetListWriters:298 - No output is written to ram_1kx24.xncf, ignored.
Processing design ...
   Preping design's networks ...
   Preping design's macros ...
  finished :Prep
Writing EDIF netlist file ram_1kx24.edif ...
ngc2edif: Total memory usage is 92288 kilobytes

Release 14.3 - ngc2edif P.40xd (lin64)
Copyright (c) 1995-2012 Xilinx, Inc.  All rights reserved.
Reading design ram_32x16_single.ngc ...
WARNING:NetListWriters:298 - No output is written to ram_32x16_single.xncf,
   ignored.
Processing design ...
   Preping design's networks ...
   Preping design's macros ...
  finished :Prep
Writing EDIF netlist file ram_32x16_single.edif ...
ngc2edif: Total memory usage is 92096 kilobytes

Release 14.3 - ngc2edif P.40xd (lin64)
Copyright (c) 1995-2012 Xilinx, Inc.  All rights reserved.
Reading design ram_8kx14.ngc ...
WARNING:NetListWriters:298 - No output is written to ram_8kx14.xncf, ignored.
Processing design ...
   Preping design's networks ...
   Preping design's macros ...
  finished :Prep
Writing EDIF netlist file ram_8kx14.edif ...
ngc2edif: Total memory usage is 92496 kilobytes

Release 14.3 - ngc2edif P.40xd (lin64)
Copyright (c) 1995-2012 Xilinx, Inc.  All rights reserved.
Reading design micro_wire_rom.ngc ...
WARNING:NetListWriters:298 - No output is written to micro_wire_rom.xncf,
   ignored.
Processing design ...
   Preping design's networks ...
   Preping design's macros ...
WARNING:NetListWriters:306 - Signal bus spo<31 : 0> on block
   micro_wire_rom_dist_mem_gen_v5_1_xst_1 is not reconstructed, because there
   are some missing bus signals.
  finished :Prep
Writing EDIF netlist file micro_wire_rom.edif ...
ngc2edif: Total memory usage is 92104 kilobytes

Release 14.3 - ngc2edif P.40xd (lin64)
Copyright (c) 1995-2012 Xilinx, Inc.  All rights reserved.
Reading design ram_128x16.ngc ...
WARNING:NetListWriters:298 - No output is written to ram_128x16.xncf, ignored.
Processing design ...
   Preping design's networks ...
   Preping design's macros ...
  finished :Prep
Writing EDIF netlist file ram_128x16.edif ...
ngc2edif: Total memory usage is 92168 kilobytes

Release 14.3 - ngc2edif P.40xd (lin64)
Copyright (c) 1995-2012 Xilinx, Inc.  All rights reserved.
Reading design aligner_ram_128x8.ngc ...
WARNING:NetListWriters:298 - No output is written to aligner_ram_128x8.xncf,
   ignored.
Processing design ...
   Preping design's networks ...
   Preping design's macros ...
  finished :Prep
Writing EDIF netlist file aligner_ram_128x8.edif ...
ngc2edif: Total memory usage is 92100 kilobytes

Release 14.3 - ngc2edif P.40xd (lin64)
Copyright (c) 1995-2012 Xilinx, Inc.  All rights reserved.
Reading design aligner_rom_128x8.ngc ...
WARNING:NetListWriters:298 - No output is written to aligner_rom_128x8.xncf,
   ignored.
Processing design ...
   Preping design's networks ...
   Preping design's macros ...
  finished :Prep
Writing EDIF netlist file aligner_rom_128x8.edif ...
ngc2edif: Total memory usage is 91996 kilobytes

Release 14.3 - ngc2edif P.40xd (lin64)
Copyright (c) 1995-2012 Xilinx, Inc.  All rights reserved.
Reading design ram_2kx15.ngc ...
WARNING:NetListWriters:298 - No output is written to ram_2kx15.xncf, ignored.
Processing design ...
   Preping design's networks ...
   Preping design's macros ...
  finished :Prep
Writing EDIF netlist file ram_2kx15.edif ...
ngc2edif: Total memory usage is 92280 kilobytes

Release 14.3 - ngc2edif P.40xd (lin64)
Copyright (c) 1995-2012 Xilinx, Inc.  All rights reserved.
Reading design spi_adc_rom.ngc ...
WARNING:NetListWriters:298 - No output is written to spi_adc_rom.xncf, ignored.
Processing design ...
   Preping design's networks ...
   Preping design's macros ...
  finished :Prep
Writing EDIF netlist file spi_adc_rom.edif ...
ngc2edif: Total memory usage is 92012 kilobytes

Release 14.3 - ngc2edif P.40xd (lin64)
Copyright (c) 1995-2012 Xilinx, Inc.  All rights reserved.
Reading design telescope.ngc ...
WARNING:NetListWriters:298 - No output is written to telescope.xncf, ignored.
Processing design ...
   Preping design's networks ...
   Preping design's macros ...
WARNING:NetListWriters:306 - Signal bus genIoBloc/configReg[15 : 1] on block
   telescope is not reconstructed, because there are some missing bus signals.
WARNING:NetListWriters:306 - Signal bus sysMonBlock/slowCtBusRd[15 : 0] on block
   telescope is not reconstructed, because there are some missing bus signals.
WARNING:NetListWriters:306 - Signal bus trigger/trigBitmask[14 : 0] on block
   telescope is not reconstructed, because there are some missing bus signals.
WARNING:NetListWriters:306 - Signal bus trigger/slowCtBusRd[12 : 0] on block
   telescope is not reconstructed, because there are some missing bus signals.
WARNING:NetListWriters:306 - Signal bus adc_monitor/rstPort_n[4 : 1] on block
   telescope is not reconstructed, because there are some missing bus signals.
WARNING:NetListWriters:306 - Signal bus offsetAnalog/i2c_master/i2cByte/Result[2
   : 0] on block telescope is not reconstructed, because there are some missing
   bus signals.
WARNING:NetListWriters:306 - Signal bus qh1/ddr_16_1/p_del_to_ddr[7 : 2] on
   block telescope is not reconstructed, because there are some missing bus
   signals.
WARNING:NetListWriters:306 - Signal bus
   qh1/blockTrig/baseMean/Mmux_meanPtWr[7]_uMeanDepth[7]_mux_29_OUT_rs_lut[4 :
   0] on block telescope is not reconstructed, because there are some missing
   bus signals.
WARNING:NetListWriters:306 - Signal bus
   qh1/blockTrig/baseMean/Mmux_pretrigPtWr[7]_GND_104_o_mux_27_OUT_rs_cy[5 : 2]
   on block telescope is not reconstructed, because there are some missing bus
   signals.
WARNING:NetListWriters:306 - Signal bus
   qh1/blockTrig/baseMean/Mmux_meanCalculation.sSum[21]_meanCalculation.sSum[21]
   _mux_44_OUT_A_rs_B[18 : 1] on block telescope is not reconstructed, because
   there are some missing bus signals.
WARNING:NetListWriters:306 - Signal bus
   qh1/blockTrig/baseMean/indexLUT[7]_PWR_84_o_wide_mux_3_OUT[3 : 0] on block
   telescope is not reconstructed, because there are some missing bus signals.
WARNING:NetListWriters:306 - Signal bus
   q2/blockTrig/baseMean/Mmux_meanPtWr[7]_uMeanDepth[7]_mux_29_OUT_rs_lut[4 : 0]
   on block telescope is not reconstructed, because there are some missing bus
   signals.
WARNING:NetListWriters:306 - Signal bus
   q2/blockTrig/baseMean/Mmux_pretrigPtWr[7]_GND_104_o_mux_27_OUT_rs_cy[5 : 2]
   on block telescope is not reconstructed, because there are some missing bus
   signals.
WARNING:NetListWriters:306 - Signal bus
   q2/blockTrig/baseMean/Mmux_meanCalculation.sSum[21]_meanCalculation.sSum[21]_
   mux_44_OUT_A_rs_B[18 : 1] on block telescope is not reconstructed, because
   there are some missing bus signals.
WARNING:NetListWriters:306 - Signal bus
   q2/blockTrig/baseMean/indexLUT[7]_PWR_84_o_wide_mux_3_OUT[3 : 0] on block
   telescope is not reconstructed, because there are some missing bus signals.
WARNING:NetListWriters:306 - Signal bus i2/ddr_16_1/p_del_to_ddr[6 : 0] on block
   telescope is not reconstructed, because there are some missing bus signals.
WARNING:NetListWriters:306 - Signal bus q3/ddr_16_1/p_del_to_ddr[4 : 0] on block
   telescope is not reconstructed, because there are some missing bus signals.
WARNING:NetListWriters:306 - Signal bus q3/blockNrj/Result[10 : 0] on block
   telescope is not reconstructed, because there are some missing bus signals.
WARNING:NetListWriters:306 - Signal bus q3/blockNrj/formeur/falling/compteur[10
   : 0] on block telescope is not reconstructed, because there are some missing
   bus signals.
WARNING:NetListWriters:306 - Signal bus
   q3/blockTrig/baseMean/Mmux_meanPtWr[7]_uMeanDepth[7]_mux_29_OUT_rs_lut[4 : 0]
   on block telescope is not reconstructed, because there are some missing bus
   signals.
WARNING:NetListWriters:306 - Signal bus
   q3/blockTrig/baseMean/Mmux_pretrigPtWr[7]_GND_104_o_mux_27_OUT_rs_cy[5 : 2]
   on block telescope is not reconstructed, because there are some missing bus
   signals.
WARNING:NetListWriters:306 - Signal bus
   q3/blockTrig/baseMean/Mmux_meanCalculation.sSum[21]_meanCalculation.sSum[21]_
   mux_44_OUT_A_rs_B[18 : 1] on block telescope is not reconstructed, because
   there are some missing bus signals.
WARNING:NetListWriters:306 - Signal bus
   q3/blockTrig/baseMean/indexLUT[7]_PWR_84_o_wide_mux_3_OUT[3 : 0] on block
   telescope is not reconstructed, because there are some missing bus signals.
WARNING:NetListWriters:306 - Signal bus rEngine/bitmaskForAcq[14 : 0] on block
   telescope is not reconstructed, because there are some missing bus signals.
WARNING:NetListWriters:306 - Signal bus
   genIoBloc/configReg[15]_configReg[15]_mux_61_OUT[15 : 1] on block telescope
   is not reconstructed, because there are some missing bus signals.
WARNING:NetListWriters:306 - Signal bus adc_monitor/spi_inst/romData[31 : 0] on
   block telescope is not reconstructed, because there are some missing bus
   signals.
WARNING:NetListWriters:306 - Signal bus
   sysMonBlock/GND_42_o_GND_42_o_mux_3_OUT[15 : 0] on block telescope is not
   reconstructed, because there are some missing bus signals.
WARNING:NetListWriters:306 - Signal bus
   sysMonBlock/system_mon/state[2]_X_38_o_wide_mux_16_OUT[6 : 0] on block
   telescope is not reconstructed, because there are some missing bus signals.
WARNING:NetListWriters:306 - Signal bus sysMonBlock/system_mon/daddr[6 : 0] on
   block telescope is not reconstructed, because there are some missing bus
   signals.
WARNING:NetListWriters:306 - Signal bus trigger/_n0420[14 : 0] on block
   telescope is not reconstructed, because there are some missing bus signals.
WARNING:NetListWriters:306 - Signal bus
   trigger/GND_539_o_GND_539_o_mux_84_OUT[12 : 0] on block telescope is not
   reconstructed, because there are some missing bus signals.
  finished :Prep
Writing EDIF netlist file telescope.edif ...
ngc2edif: Total memory usage is 126000 kilobytes

Release 14.3 - ngc2edif P.40xd (lin64)
Copyright (c) 1995-2012 Xilinx, Inc.  All rights reserved.
Reading design ram_1kx15.ngc ...
WARNING:NetListWriters:298 - No output is written to ram_1kx15.xncf, ignored.
Processing design ...
   Preping design's networks ...
   Preping design's macros ...
  finished :Prep
Writing EDIF netlist file ram_1kx15.edif ...
ngc2edif: Total memory usage is 92216 kilobytes

Release 14.3 - ngc2edif P.40xd (lin64)
Copyright (c) 1995-2012 Xilinx, Inc.  All rights reserved.
Reading design ram_1kx14.ngc ...
WARNING:NetListWriters:298 - No output is written to ram_1kx14.xncf, ignored.
Processing design ...
   Preping design's networks ...
   Preping design's macros ...
  finished :Prep
Writing EDIF netlist file ram_1kx14.edif ...
ngc2edif: Total memory usage is 92216 kilobytes

Release 14.3 - ngc2edif P.40xd (lin64)
Copyright (c) 1995-2012 Xilinx, Inc.  All rights reserved.
Reading design myfifo.ngc ...
WARNING:NetListWriters:298 - No output is written to myfifo.xncf, ignored.
Processing design ...
   Preping design's networks ...
   Preping design's macros ...
  finished :Prep
Writing EDIF netlist file myfifo.edif ...
ngc2edif: Total memory usage is 92384 kilobytes

Release 14.3 - ngc2edif P.40xd (lin64)
Copyright (c) 1995-2012 Xilinx, Inc.  All rights reserved.
Reading design myfifo2.ngc ...
WARNING:NetListWriters:298 - No output is written to myfifo2.xncf, ignored.
Processing design ...
   Preping design's networks ...
   Preping design's macros ...
  finished :Prep
Writing EDIF netlist file myfifo2.edif ...
ngc2edif: Total memory usage is 92304 kilobytes

Release 14.3 - ngc2edif P.40xd (lin64)
Copyright (c) 1995-2012 Xilinx, Inc.  All rights reserved.
Reading design ram_32x16.ngc ...
WARNING:NetListWriters:298 - No output is written to ram_32x16.xncf, ignored.
Processing design ...
   Preping design's networks ...
   Preping design's macros ...
  finished :Prep
Writing EDIF netlist file ram_32x16.edif ...
ngc2edif: Total memory usage is 92072 kilobytes

Release 14.3 - ngc2edif P.40xd (lin64)
Copyright (c) 1995-2012 Xilinx, Inc.  All rights reserved.
Reading design ram_4kx14.ngc ...
WARNING:NetListWriters:298 - No output is written to ram_4kx14.xncf, ignored.
Processing design ...
   Preping design's networks ...
   Preping design's macros ...
  finished :Prep
Writing EDIF netlist file ram_4kx14.edif ...
ngc2edif: Total memory usage is 92364 kilobytes

Release 14.3 - ngc2edif P.40xd (lin64)
Copyright (c) 1995-2012 Xilinx, Inc.  All rights reserved.
Reading design ram_256x16.ngc ...
WARNING:NetListWriters:298 - No output is written to ram_256x16.xncf, ignored.
Processing design ...
   Preping design's networks ...
   Preping design's macros ...
  finished :Prep
Writing EDIF netlist file ram_256x16.edif ...
ngc2edif: Total memory usage is 92420 kilobytes

Release 14.3 - ngc2edif P.40xd (lin64)
Copyright (c) 1995-2012 Xilinx, Inc.  All rights reserved.
Reading design ram_256x14.ngc ...
WARNING:NetListWriters:298 - No output is written to ram_256x14.xncf, ignored.
Processing design ...
   Preping design's networks ...
   Preping design's macros ...
  finished :Prep
Writing EDIF netlist file ram_256x14.edif ...
ngc2edif: Total memory usage is 92276 kilobytes

Release 14.3 - ngc2edif P.40xd (lin64)
Copyright (c) 1995-2012 Xilinx, Inc.  All rights reserved.
Reading design ram_1kx24.ngc ...
WARNING:NetListWriters:298 - No output is written to ram_1kx24.xncf, ignored.
Processing design ...
   Preping design's networks ...
   Preping design's macros ...
  finished :Prep
Writing EDIF netlist file ram_1kx24.edif ...
ngc2edif: Total memory usage is 92292 kilobytes

Release 14.3 - ngc2edif P.40xd (lin64)
Copyright (c) 1995-2012 Xilinx, Inc.  All rights reserved.
Reading design ram_32x16_single.ngc ...
WARNING:NetListWriters:298 - No output is written to ram_32x16_single.xncf,
   ignored.
Processing design ...
   Preping design's networks ...
   Preping design's macros ...
  finished :Prep
Writing EDIF netlist file ram_32x16_single.edif ...
ngc2edif: Total memory usage is 92096 kilobytes

Release 14.3 - ngc2edif P.40xd (lin64)
Copyright (c) 1995-2012 Xilinx, Inc.  All rights reserved.
Reading design ram_8kx14.ngc ...
WARNING:NetListWriters:298 - No output is written to ram_8kx14.xncf, ignored.
Processing design ...
   Preping design's networks ...
   Preping design's macros ...
  finished :Prep
Writing EDIF netlist file ram_8kx14.edif ...
ngc2edif: Total memory usage is 92492 kilobytes

Release 14.3 - ngc2edif P.40xd (lin64)
Copyright (c) 1995-2012 Xilinx, Inc.  All rights reserved.
Reading design ram_128x16.ngc ...
WARNING:NetListWriters:298 - No output is written to ram_128x16.xncf, ignored.
Processing design ...
   Preping design's networks ...
   Preping design's macros ...
  finished :Prep
Writing EDIF netlist file ram_128x16.edif ...
ngc2edif: Total memory usage is 92172 kilobytes

Release 14.3 - ngc2edif P.40xd (lin64)
Copyright (c) 1995-2012 Xilinx, Inc.  All rights reserved.
Reading design aligner_ram_128x8.ngc ...
WARNING:NetListWriters:298 - No output is written to aligner_ram_128x8.xncf,
   ignored.
Processing design ...
   Preping design's networks ...
   Preping design's macros ...
  finished :Prep
Writing EDIF netlist file aligner_ram_128x8.edif ...
ngc2edif: Total memory usage is 92088 kilobytes

Release 14.3 - ngc2edif P.40xd (lin64)
Copyright (c) 1995-2012 Xilinx, Inc.  All rights reserved.
Reading design aligner_rom_128x8.ngc ...
WARNING:NetListWriters:298 - No output is written to aligner_rom_128x8.xncf,
   ignored.
Processing design ...
   Preping design's networks ...
   Preping design's macros ...
  finished :Prep
Writing EDIF netlist file aligner_rom_128x8.edif ...
ngc2edif: Total memory usage is 91992 kilobytes

Release 14.3 - ngc2edif P.40xd (lin64)
Copyright (c) 1995-2012 Xilinx, Inc.  All rights reserved.
Reading design ram_2kx15.ngc ...
WARNING:NetListWriters:298 - No output is written to ram_2kx15.xncf, ignored.
Processing design ...
   Preping design's networks ...
   Preping design's macros ...
  finished :Prep
Writing EDIF netlist file ram_2kx15.edif ...
ngc2edif: Total memory usage is 92284 kilobytes

Release 14.3 - ngc2edif P.40xd (lin64)
Copyright (c) 1995-2012 Xilinx, Inc.  All rights reserved.
Reading design spi_adc_rom.ngc ...
WARNING:NetListWriters:298 - No output is written to spi_adc_rom.xncf, ignored.
Processing design ...
   Preping design's networks ...
   Preping design's macros ...
  finished :Prep
Writing EDIF netlist file spi_adc_rom.edif ...
ngc2edif: Total memory usage is 92016 kilobytes

Release 14.3 - ngc2edif P.40xd (lin64)
Copyright (c) 1995-2012 Xilinx, Inc.  All rights reserved.
Reading design telescope.ngc ...
WARNING:NetListWriters:298 - No output is written to telescope.xncf, ignored.
Processing design ...
   Preping design's networks ...
   Preping design's macros ...
WARNING:NetListWriters:306 - Signal bus genIoBloc/configReg[15 : 1] on block
   telescope is not reconstructed, because there are some missing bus signals.
WARNING:NetListWriters:306 - Signal bus sysMonBlock/slowCtBusRd[15 : 0] on block
   telescope is not reconstructed, because there are some missing bus signals.
WARNING:NetListWriters:306 - Signal bus trigger/trigBitmask[14 : 0] on block
   telescope is not reconstructed, because there are some missing bus signals.
WARNING:NetListWriters:306 - Signal bus trigger/slowCtBusRd[12 : 0] on block
   telescope is not reconstructed, because there are some missing bus signals.
WARNING:NetListWriters:306 - Signal bus adc_monitor/rstPort_n[4 : 1] on block
   telescope is not reconstructed, because there are some missing bus signals.
WARNING:NetListWriters:306 - Signal bus offsetAnalog/i2c_master/i2cByte/Result[2
   : 0] on block telescope is not reconstructed, because there are some missing
   bus signals.
WARNING:NetListWriters:306 - Signal bus qh1/ddr_16_1/p_del_to_ddr[7 : 2] on
   block telescope is not reconstructed, because there are some missing bus
   signals.
WARNING:NetListWriters:306 - Signal bus
   qh1/blockTrig/baseMean/Mmux_meanPtWr[7]_uMeanDepth[7]_mux_29_OUT_rs_lut[4 :
   0] on block telescope is not reconstructed, because there are some missing
   bus signals.
WARNING:NetListWriters:306 - Signal bus
   qh1/blockTrig/baseMean/Mmux_pretrigPtWr[7]_GND_104_o_mux_27_OUT_rs_cy[5 : 2]
   on block telescope is not reconstructed, because there are some missing bus
   signals.
WARNING:NetListWriters:306 - Signal bus
   qh1/blockTrig/baseMean/Mmux_meanCalculation.sSum[21]_meanCalculation.sSum[21]
   _mux_44_OUT_A_rs_B[18 : 1] on block telescope is not reconstructed, because
   there are some missing bus signals.
WARNING:NetListWriters:306 - Signal bus
   qh1/blockTrig/baseMean/indexLUT[7]_PWR_84_o_wide_mux_3_OUT[3 : 0] on block
   telescope is not reconstructed, because there are some missing bus signals.
WARNING:NetListWriters:306 - Signal bus
   q2/blockTrig/baseMean/Mmux_meanPtWr[7]_uMeanDepth[7]_mux_29_OUT_rs_lut[4 : 0]
   on block telescope is not reconstructed, because there are some missing bus
   signals.
WARNING:NetListWriters:306 - Signal bus
   q2/blockTrig/baseMean/Mmux_pretrigPtWr[7]_GND_104_o_mux_27_OUT_rs_cy[5 : 2]
   on block telescope is not reconstructed, because there are some missing bus
   signals.
WARNING:NetListWriters:306 - Signal bus
   q2/blockTrig/baseMean/Mmux_meanCalculation.sSum[21]_meanCalculation.sSum[21]_
   mux_44_OUT_A_rs_B[18 : 1] on block telescope is not reconstructed, because
   there are some missing bus signals.
WARNING:NetListWriters:306 - Signal bus
   q2/blockTrig/baseMean/indexLUT[7]_PWR_84_o_wide_mux_3_OUT[3 : 0] on block
   telescope is not reconstructed, because there are some missing bus signals.
WARNING:NetListWriters:306 - Signal bus i2/ddr_16_1/p_del_to_ddr[6 : 0] on block
   telescope is not reconstructed, because there are some missing bus signals.
WARNING:NetListWriters:306 - Signal bus q3/ddr_16_1/p_del_to_ddr[4 : 0] on block
   telescope is not reconstructed, because there are some missing bus signals.
WARNING:NetListWriters:306 - Signal bus q3/blockNrj/Result[10 : 0] on block
   telescope is not reconstructed, because there are some missing bus signals.
WARNING:NetListWriters:306 - Signal bus q3/blockNrj/formeur/falling/compteur[10
   : 0] on block telescope is not reconstructed, because there are some missing
   bus signals.
WARNING:NetListWriters:306 - Signal bus
   q3/blockTrig/baseMean/Mmux_meanPtWr[7]_uMeanDepth[7]_mux_29_OUT_rs_lut[4 : 0]
   on block telescope is not reconstructed, because there are some missing bus
   signals.
WARNING:NetListWriters:306 - Signal bus
   q3/blockTrig/baseMean/Mmux_pretrigPtWr[7]_GND_104_o_mux_27_OUT_rs_cy[5 : 2]
   on block telescope is not reconstructed, because there are some missing bus
   signals.
WARNING:NetListWriters:306 - Signal bus
   q3/blockTrig/baseMean/Mmux_meanCalculation.sSum[21]_meanCalculation.sSum[21]_
   mux_44_OUT_A_rs_B[18 : 1] on block telescope is not reconstructed, because
   there are some missing bus signals.
WARNING:NetListWriters:306 - Signal bus
   q3/blockTrig/baseMean/indexLUT[7]_PWR_84_o_wide_mux_3_OUT[3 : 0] on block
   telescope is not reconstructed, because there are some missing bus signals.
WARNING:NetListWriters:306 - Signal bus rEngine/bitmaskForAcq[14 : 0] on block
   telescope is not reconstructed, because there are some missing bus signals.
WARNING:NetListWriters:306 - Signal bus
   genIoBloc/configReg[15]_configReg[15]_mux_61_OUT[15 : 1] on block telescope
   is not reconstructed, because there are some missing bus signals.
WARNING:NetListWriters:306 - Signal bus adc_monitor/spi_inst/romData[31 : 0] on
   block telescope is not reconstructed, because there are some missing bus
   signals.
WARNING:NetListWriters:306 - Signal bus
   sysMonBlock/GND_42_o_GND_42_o_mux_3_OUT[15 : 0] on block telescope is not
   reconstructed, because there are some missing bus signals.
WARNING:NetListWriters:306 - Signal bus
   sysMonBlock/system_mon/state[2]_X_38_o_wide_mux_16_OUT[6 : 0] on block
   telescope is not reconstructed, because there are some missing bus signals.
WARNING:NetListWriters:306 - Signal bus sysMonBlock/system_mon/daddr[6 : 0] on
   block telescope is not reconstructed, because there are some missing bus
   signals.
WARNING:NetListWriters:306 - Signal bus trigger/_n0420[14 : 0] on block
   telescope is not reconstructed, because there are some missing bus signals.
WARNING:NetListWriters:306 - Signal bus
   trigger/GND_539_o_GND_539_o_mux_84_OUT[12 : 0] on block telescope is not
   reconstructed, because there are some missing bus signals.
  finished :Prep
Writing EDIF netlist file telescope.edif ...
ngc2edif: Total memory usage is 126004 kilobytes

Release 14.3 - ngc2edif P.40xd (lin64)
Copyright (c) 1995-2012 Xilinx, Inc.  All rights reserved.
Reading design ram_1kx15.ngc ...
WARNING:NetListWriters:298 - No output is written to ram_1kx15.xncf, ignored.
Processing design ...
   Preping design's networks ...
   Preping design's macros ...
  finished :Prep
Writing EDIF netlist file ram_1kx15.edif ...
ngc2edif: Total memory usage is 92220 kilobytes

Release 14.3 - ngc2edif P.40xd (lin64)
Copyright (c) 1995-2012 Xilinx, Inc.  All rights reserved.
Reading design ram_1kx14.ngc ...
WARNING:NetListWriters:298 - No output is written to ram_1kx14.xncf, ignored.
Processing design ...
   Preping design's networks ...
   Preping design's macros ...
  finished :Prep
Writing EDIF netlist file ram_1kx14.edif ...
ngc2edif: Total memory usage is 92216 kilobytes

Release 14.3 - ngc2edif P.40xd (lin64)
Copyright (c) 1995-2012 Xilinx, Inc.  All rights reserved.
Reading design myfifo.ngc ...
WARNING:NetListWriters:298 - No output is written to myfifo.xncf, ignored.
Processing design ...
   Preping design's networks ...
   Preping design's macros ...
  finished :Prep
Writing EDIF netlist file myfifo.edif ...
ngc2edif: Total memory usage is 92384 kilobytes

Release 14.3 - ngc2edif P.40xd (lin64)
Copyright (c) 1995-2012 Xilinx, Inc.  All rights reserved.
Reading design myfifo2.ngc ...
WARNING:NetListWriters:298 - No output is written to myfifo2.xncf, ignored.
Processing design ...
   Preping design's networks ...
   Preping design's macros ...
  finished :Prep
Writing EDIF netlist file myfifo2.edif ...
ngc2edif: Total memory usage is 92304 kilobytes

Release 14.3 - ngc2edif P.40xd (lin64)
Copyright (c) 1995-2012 Xilinx, Inc.  All rights reserved.
Reading design ram_32x16.ngc ...
WARNING:NetListWriters:298 - No output is written to ram_32x16.xncf, ignored.
Processing design ...
   Preping design's networks ...
   Preping design's macros ...
  finished :Prep
Writing EDIF netlist file ram_32x16.edif ...
ngc2edif: Total memory usage is 92072 kilobytes

Release 14.3 - ngc2edif P.40xd (lin64)
Copyright (c) 1995-2012 Xilinx, Inc.  All rights reserved.
Reading design ram_4kx14.ngc ...
WARNING:NetListWriters:298 - No output is written to ram_4kx14.xncf, ignored.
Processing design ...
   Preping design's networks ...
   Preping design's macros ...
  finished :Prep
Writing EDIF netlist file ram_4kx14.edif ...
ngc2edif: Total memory usage is 92364 kilobytes

Release 14.3 - ngc2edif P.40xd (lin64)
Copyright (c) 1995-2012 Xilinx, Inc.  All rights reserved.
Reading design ram_256x16.ngc ...
WARNING:NetListWriters:298 - No output is written to ram_256x16.xncf, ignored.
Processing design ...
   Preping design's networks ...
   Preping design's macros ...
  finished :Prep
Writing EDIF netlist file ram_256x16.edif ...
ngc2edif: Total memory usage is 92412 kilobytes

Release 14.3 - ngc2edif P.40xd (lin64)
Copyright (c) 1995-2012 Xilinx, Inc.  All rights reserved.
Reading design ram_256x14.ngc ...
WARNING:NetListWriters:298 - No output is written to ram_256x14.xncf, ignored.
Processing design ...
   Preping design's networks ...
   Preping design's macros ...
  finished :Prep
Writing EDIF netlist file ram_256x14.edif ...
ngc2edif: Total memory usage is 92276 kilobytes

Release 14.3 - ngc2edif P.40xd (lin64)
Copyright (c) 1995-2012 Xilinx, Inc.  All rights reserved.
Reading design ram_1kx24.ngc ...
WARNING:NetListWriters:298 - No output is written to ram_1kx24.xncf, ignored.
Processing design ...
   Preping design's networks ...
   Preping design's macros ...
  finished :Prep
Writing EDIF netlist file ram_1kx24.edif ...
ngc2edif: Total memory usage is 92292 kilobytes

Release 14.3 - ngc2edif P.40xd (lin64)
Copyright (c) 1995-2012 Xilinx, Inc.  All rights reserved.
Reading design ram_32x16_single.ngc ...
WARNING:NetListWriters:298 - No output is written to ram_32x16_single.xncf,
   ignored.
Processing design ...
   Preping design's networks ...
   Preping design's macros ...
  finished :Prep
Writing EDIF netlist file ram_32x16_single.edif ...
ngc2edif: Total memory usage is 92088 kilobytes

Release 14.3 - ngc2edif P.40xd (lin64)
Copyright (c) 1995-2012 Xilinx, Inc.  All rights reserved.
Reading design ram_8kx14.ngc ...
WARNING:NetListWriters:298 - No output is written to ram_8kx14.xncf, ignored.
Processing design ...
   Preping design's networks ...
   Preping design's macros ...
  finished :Prep
Writing EDIF netlist file ram_8kx14.edif ...
ngc2edif: Total memory usage is 92492 kilobytes

Release 14.3 - ngc2edif P.40xd (lin64)
Copyright (c) 1995-2012 Xilinx, Inc.  All rights reserved.
Reading design ram_128x16.ngc ...
WARNING:NetListWriters:298 - No output is written to ram_128x16.xncf, ignored.
Processing design ...
   Preping design's networks ...
   Preping design's macros ...
  finished :Prep
Writing EDIF netlist file ram_128x16.edif ...
ngc2edif: Total memory usage is 92176 kilobytes

Release 14.3 - ngc2edif P.40xd (lin64)
Copyright (c) 1995-2012 Xilinx, Inc.  All rights reserved.
Reading design aligner_ram_128x8.ngc ...
WARNING:NetListWriters:298 - No output is written to aligner_ram_128x8.xncf,
   ignored.
Processing design ...
   Preping design's networks ...
   Preping design's macros ...
  finished :Prep
Writing EDIF netlist file aligner_ram_128x8.edif ...
ngc2edif: Total memory usage is 92092 kilobytes

Release 14.3 - ngc2edif P.40xd (lin64)
Copyright (c) 1995-2012 Xilinx, Inc.  All rights reserved.
Reading design aligner_rom_128x8.ngc ...
WARNING:NetListWriters:298 - No output is written to aligner_rom_128x8.xncf,
   ignored.
Processing design ...
   Preping design's networks ...
   Preping design's macros ...
  finished :Prep
Writing EDIF netlist file aligner_rom_128x8.edif ...
ngc2edif: Total memory usage is 91988 kilobytes

Release 14.3 - ngc2edif P.40xd (lin64)
Copyright (c) 1995-2012 Xilinx, Inc.  All rights reserved.
Reading design ram_2kx15.ngc ...
WARNING:NetListWriters:298 - No output is written to ram_2kx15.xncf, ignored.
Processing design ...
   Preping design's networks ...
   Preping design's macros ...
  finished :Prep
Writing EDIF netlist file ram_2kx15.edif ...
ngc2edif: Total memory usage is 92280 kilobytes

Release 14.3 - ngc2edif P.40xd (lin64)
Copyright (c) 1995-2012 Xilinx, Inc.  All rights reserved.
Reading design spi_adc_rom.ngc ...
WARNING:NetListWriters:298 - No output is written to spi_adc_rom.xncf, ignored.
Processing design ...
   Preping design's networks ...
   Preping design's macros ...
  finished :Prep
Writing EDIF netlist file spi_adc_rom.edif ...
ngc2edif: Total memory usage is 92012 kilobytes

